<?xml version="1.0" encoding="UTF-8"?>
<!-- Generated by org.testng.reporters.JUnitReportReporter -->
<testsuite hostname="LAPTOP-7TBCVI5L" failures="0" tests="2" name="CucumberOptions.TestRunner" time="0.082" errors="0" timestamp="2024-10-06T01:49:05 IST" skipped="0">
  <testcase classname="CucumberOptions.TestRunner" name="runScenario" time="0.076"/>
  <testcase classname="CucumberOptions.TestRunner" name="runScenario" time="0.006"/>
</testsuite> <!-- CucumberOptions.TestRunner -->
