<?xml version="1.0" encoding="UTF-8"?>
<!-- Generated by org.testng.reporters.JUnitReportReporter -->
<testsuite hostname="LAPTOP-7TBCVI5L" failures="0" tests="1" name="CucumberOptions.DailyPracRunner" time="0.598" errors="0" timestamp="2024-10-20T20:05:23 IST" skipped="0">
  <testcase classname="CucumberOptions.DailyPracRunner" name="runScenario" time="0.598"/>
</testsuite> <!-- CucumberOptions.DailyPracRunner -->
