<?xml version="1.0" encoding="UTF-8"?>
<!-- Generated by org.testng.reporters.JUnitReportReporter -->
<testsuite hostname="LAPTOP-7TBCVI5L" failures="0" tests="2" name="CucumberOptions.GreencartTestRunner" time="17.687" errors="0" timestamp="2024-10-09T22:58:21 IST" skipped="0">
  <testcase classname="CucumberOptions.GreencartTestRunner" name="runScenario" time="10.764"/>
  <testcase classname="CucumberOptions.GreencartTestRunner" name="runScenario" time="6.923"/>
</testsuite> <!-- CucumberOptions.GreencartTestRunner -->
